0 info it worked if it ends with ok
1 verbose cli [ '/usr/bin/node', '/usr/bin/npm', 'install', 'nodemon', '-g' ]
2 info using npm@1.2.23
3 info using node@v0.10.8
4 verbose read json /usr/lib/package.json
5 verbose read json /usr/lib/package.json
6 verbose cache add [ 'nodemon', null ]
7 verbose cache add name=undefined spec="nodemon" args=["nodemon",null]
8 verbose parsed url { protocol: null,
8 verbose parsed url   slashes: null,
8 verbose parsed url   auth: null,
8 verbose parsed url   host: null,
8 verbose parsed url   port: null,
8 verbose parsed url   hostname: null,
8 verbose parsed url   hash: null,
8 verbose parsed url   search: null,
8 verbose parsed url   query: null,
8 verbose parsed url   pathname: 'nodemon',
8 verbose parsed url   path: 'nodemon',
8 verbose parsed url   href: 'nodemon' }
9 silly lockFile 1625b929-nodemon nodemon
10 verbose lock nodemon /home/shep/.npm/1625b929-nodemon.lock
11 silly lockFile 1625b929-nodemon nodemon
12 silly lockFile 1625b929-nodemon nodemon
13 verbose addNamed [ 'nodemon', '' ]
14 verbose addNamed [ null, '' ]
15 silly lockFile 4f5e51c6-nodemon nodemon@
16 verbose lock nodemon@ /home/shep/.npm/4f5e51c6-nodemon.lock
17 silly addNameRange { name: 'nodemon', range: '', hasData: false }
18 verbose url raw nodemon
19 verbose url resolving [ 'https://registry.npmjs.org/', './nodemon' ]
20 verbose url resolved https://registry.npmjs.org/nodemon
21 info trying registry request attempt 1 at 00:42:52
22 http GET https://registry.npmjs.org/nodemon
23 http 200 https://registry.npmjs.org/nodemon
24 silly registry.get cb [ 200,
24 silly registry.get   { vary: 'Accept',
24 silly registry.get     server: 'CouchDB/1.3.0 (Erlang OTP/R15B03)',
24 silly registry.get     etag: '"AL80E9SCBN7A8J8LD1MCJBDHI"',
24 silly registry.get     date: 'Sat, 25 May 2013 20:43:20 GMT',
24 silly registry.get     'content-type': 'application/json',
24 silly registry.get     'content-length': '284755' } ]
25 silly addNameRange number 2 { name: 'nodemon', range: '', hasData: true }
26 silly addNameRange versions [ 'nodemon',
26 silly addNameRange   [ '0.1.4',
26 silly addNameRange     '0.1.5',
26 silly addNameRange     '0.1.6',
26 silly addNameRange     '0.1.7',
26 silly addNameRange     '0.1.8',
26 silly addNameRange     '0.2.0',
26 silly addNameRange     '0.2.1',
26 silly addNameRange     '0.2.2',
26 silly addNameRange     '0.3.0',
26 silly addNameRange     '0.3.1',
26 silly addNameRange     '0.3.2',
26 silly addNameRange     '0.4.0',
26 silly addNameRange     '0.4.1',
26 silly addNameRange     '0.5.0',
26 silly addNameRange     '0.5.1',
26 silly addNameRange     '0.5.2',
26 silly addNameRange     '0.5.3',
26 silly addNameRange     '0.5.4',
26 silly addNameRange     '0.5.5',
26 silly addNameRange     '0.5.6',
26 silly addNameRange     '0.5.7',
26 silly addNameRange     '0.6.0',
26 silly addNameRange     '0.6.1',
26 silly addNameRange     '0.6.2',
26 silly addNameRange     '0.6.3',
26 silly addNameRange     '0.6.4',
26 silly addNameRange     '0.6.5',
26 silly addNameRange     '0.6.6',
26 silly addNameRange     '0.6.7',
26 silly addNameRange     '0.6.8',
26 silly addNameRange     '0.6.9',
26 silly addNameRange     '0.6.10',
26 silly addNameRange     '0.6.10a',
26 silly addNameRange     '0.6.11',
26 silly addNameRange     '0.6.12',
26 silly addNameRange     '0.6.13',
26 silly addNameRange     '0.6.14',
26 silly addNameRange     '0.6.15',
26 silly addNameRange     '0.6.16',
26 silly addNameRange     '0.6.17',
26 silly addNameRange     '0.6.18',
26 silly addNameRange     '0.6.19',
26 silly addNameRange     '0.6.20',
26 silly addNameRange     '0.6.21',
26 silly addNameRange     '0.6.22',
26 silly addNameRange     '0.6.23',
26 silly addNameRange     '0.7.0',
26 silly addNameRange     '0.7.1',
26 silly addNameRange     '0.7.2',
26 silly addNameRange     '0.7.3',
26 silly addNameRange     '0.7.4',
26 silly addNameRange     '0.7.5',
26 silly addNameRange     '0.7.6',
26 silly addNameRange     '0.7.7',
26 silly addNameRange     '0.7.8' ] ]
27 verbose addNamed [ 'nodemon', '0.7.8' ]
28 verbose addNamed [ '0.7.8', '0.7.8' ]
29 silly lockFile 197e3f4d-nodemon-0-7-8 nodemon@0.7.8
30 verbose lock nodemon@0.7.8 /home/shep/.npm/197e3f4d-nodemon-0-7-8.lock
31 silly lockFile 484dd191-js-org-nodemon-nodemon-0-7-8-tgz https://registry.npmjs.org/nodemon/-/nodemon-0.7.8.tgz
32 verbose lock https://registry.npmjs.org/nodemon/-/nodemon-0.7.8.tgz /home/shep/.npm/484dd191-js-org-nodemon-nodemon-0-7-8-tgz.lock
33 verbose addRemoteTarball [ 'https://registry.npmjs.org/nodemon/-/nodemon-0.7.8.tgz',
33 verbose addRemoteTarball   'c0667a000f208dbf6a4dad08a5186595a9889590' ]
34 info retry fetch attempt 1 at 00:42:55
35 verbose fetch to= /home/shep/tmp/npm-10986/1369521775342-0.49480387778021395/tmp.tgz
36 http GET https://registry.npmjs.org/nodemon/-/nodemon-0.7.8.tgz
37 http 200 https://registry.npmjs.org/nodemon/-/nodemon-0.7.8.tgz
38 verbose tar unpack /home/shep/tmp/npm-10986/1369521775342-0.49480387778021395/tmp.tgz
39 silly lockFile a39385ec-5342-0-49480387778021395-package /home/shep/tmp/npm-10986/1369521775342-0.49480387778021395/package
40 verbose lock /home/shep/tmp/npm-10986/1369521775342-0.49480387778021395/package /home/shep/.npm/a39385ec-5342-0-49480387778021395-package.lock
41 silly lockFile 4de829a3-5342-0-49480387778021395-tmp-tgz /home/shep/tmp/npm-10986/1369521775342-0.49480387778021395/tmp.tgz
42 verbose lock /home/shep/tmp/npm-10986/1369521775342-0.49480387778021395/tmp.tgz /home/shep/.npm/4de829a3-5342-0-49480387778021395-tmp-tgz.lock
43 silly gunzTarPerm modes [ '755', '644' ]
44 silly gunzTarPerm extractEntry package.json
45 silly gunzTarPerm extractEntry .npmignore
46 silly gunzTarPerm extractEntry README.md
47 silly gunzTarPerm extractEntry nodemon.js
48 silly gunzTarPerm extractEntry faq.md
49 silly gunzTarPerm extractEntry nodemonignore.example
50 verbose read json /home/shep/tmp/npm-10986/1369521775342-0.49480387778021395/package/package.json
51 silly lockFile a39385ec-5342-0-49480387778021395-package /home/shep/tmp/npm-10986/1369521775342-0.49480387778021395/package
52 silly lockFile a39385ec-5342-0-49480387778021395-package /home/shep/tmp/npm-10986/1369521775342-0.49480387778021395/package
53 silly lockFile 4de829a3-5342-0-49480387778021395-tmp-tgz /home/shep/tmp/npm-10986/1369521775342-0.49480387778021395/tmp.tgz
54 silly lockFile 4de829a3-5342-0-49480387778021395-tmp-tgz /home/shep/tmp/npm-10986/1369521775342-0.49480387778021395/tmp.tgz
55 verbose from cache /home/shep/tmp/npm-10986/1369521775342-0.49480387778021395/package/package.json
56 verbose tar pack [ '/home/shep/.npm/nodemon/0.7.8/package.tgz',
56 verbose tar pack   '/home/shep/tmp/npm-10986/1369521775342-0.49480387778021395/package' ]
57 verbose tarball /home/shep/.npm/nodemon/0.7.8/package.tgz
58 verbose folder /home/shep/tmp/npm-10986/1369521775342-0.49480387778021395/package
59 silly lockFile a39385ec-5342-0-49480387778021395-package /home/shep/tmp/npm-10986/1369521775342-0.49480387778021395/package
60 verbose lock /home/shep/tmp/npm-10986/1369521775342-0.49480387778021395/package /home/shep/.npm/a39385ec-5342-0-49480387778021395-package.lock
61 silly lockFile fa521689-ep-npm-nodemon-0-7-8-package-tgz /home/shep/.npm/nodemon/0.7.8/package.tgz
62 verbose lock /home/shep/.npm/nodemon/0.7.8/package.tgz /home/shep/.npm/fa521689-ep-npm-nodemon-0-7-8-package-tgz.lock
63 silly lockFile a39385ec-5342-0-49480387778021395-package /home/shep/tmp/npm-10986/1369521775342-0.49480387778021395/package
64 silly lockFile a39385ec-5342-0-49480387778021395-package /home/shep/tmp/npm-10986/1369521775342-0.49480387778021395/package
65 silly lockFile fa521689-ep-npm-nodemon-0-7-8-package-tgz /home/shep/.npm/nodemon/0.7.8/package.tgz
66 silly lockFile fa521689-ep-npm-nodemon-0-7-8-package-tgz /home/shep/.npm/nodemon/0.7.8/package.tgz
67 silly lockFile 7eff59f1-e-shep-npm-nodemon-0-7-8-package /home/shep/.npm/nodemon/0.7.8/package
68 verbose lock /home/shep/.npm/nodemon/0.7.8/package /home/shep/.npm/7eff59f1-e-shep-npm-nodemon-0-7-8-package.lock
69 silly lockFile 7eff59f1-e-shep-npm-nodemon-0-7-8-package /home/shep/.npm/nodemon/0.7.8/package
70 silly lockFile 7eff59f1-e-shep-npm-nodemon-0-7-8-package /home/shep/.npm/nodemon/0.7.8/package
71 verbose tar unpack /home/shep/.npm/nodemon/0.7.8/package.tgz
72 silly lockFile 7eff59f1-e-shep-npm-nodemon-0-7-8-package /home/shep/.npm/nodemon/0.7.8/package
73 verbose lock /home/shep/.npm/nodemon/0.7.8/package /home/shep/.npm/7eff59f1-e-shep-npm-nodemon-0-7-8-package.lock
74 silly lockFile fa521689-ep-npm-nodemon-0-7-8-package-tgz /home/shep/.npm/nodemon/0.7.8/package.tgz
75 verbose lock /home/shep/.npm/nodemon/0.7.8/package.tgz /home/shep/.npm/fa521689-ep-npm-nodemon-0-7-8-package-tgz.lock
76 silly gunzTarPerm modes [ '755', '644' ]
77 silly gunzTarPerm extractEntry package.json
78 silly gunzTarPerm extractEntry .npmignore
79 silly gunzTarPerm extractEntry README.md
80 silly gunzTarPerm extractEntry nodemon.js
81 silly gunzTarPerm extractEntry faq.md
82 silly gunzTarPerm extractEntry nodemonignore.example
83 verbose read json /home/shep/.npm/nodemon/0.7.8/package/package.json
84 silly lockFile 7eff59f1-e-shep-npm-nodemon-0-7-8-package /home/shep/.npm/nodemon/0.7.8/package
85 silly lockFile 7eff59f1-e-shep-npm-nodemon-0-7-8-package /home/shep/.npm/nodemon/0.7.8/package
86 silly lockFile fa521689-ep-npm-nodemon-0-7-8-package-tgz /home/shep/.npm/nodemon/0.7.8/package.tgz
87 silly lockFile fa521689-ep-npm-nodemon-0-7-8-package-tgz /home/shep/.npm/nodemon/0.7.8/package.tgz
88 verbose from cache /home/shep/.npm/nodemon/0.7.8/package/package.json
89 verbose chmod /home/shep/.npm/nodemon/0.7.8/package.tgz 644
90 verbose chown /home/shep/.npm/nodemon/0.7.8/package.tgz [ 1000, 10 ]
91 silly lockFile 484dd191-js-org-nodemon-nodemon-0-7-8-tgz https://registry.npmjs.org/nodemon/-/nodemon-0.7.8.tgz
92 silly lockFile 484dd191-js-org-nodemon-nodemon-0-7-8-tgz https://registry.npmjs.org/nodemon/-/nodemon-0.7.8.tgz
93 silly lockFile 197e3f4d-nodemon-0-7-8 nodemon@0.7.8
94 silly lockFile 197e3f4d-nodemon-0-7-8 nodemon@0.7.8
95 silly lockFile 4f5e51c6-nodemon nodemon@
96 silly lockFile 4f5e51c6-nodemon nodemon@
97 silly resolved [ { name: 'nodemon',
97 silly resolved     homepage: 'http://github.com/remy/nodemon',
97 silly resolved     author: { name: 'Remy Sharp', url: 'http://github.com/remy' },
97 silly resolved     bin: { nodemon: './nodemon.js' },
97 silly resolved     repository: { type: 'git', url: 'http://github.com/remy/nodemon.git' },
97 silly resolved     description: 'Simple monitor script for use during development of a node.js app.',
97 silly resolved     keywords:
97 silly resolved      [ 'monitor',
97 silly resolved        'development',
97 silly resolved        'restart',
97 silly resolved        'autoload',
97 silly resolved        'reload',
97 silly resolved        'terminal' ],
97 silly resolved     version: '0.7.8',
97 silly resolved     preferGlobal: 'true',
97 silly resolved     licenses: [ [Object] ],
97 silly resolved     main: './nodemon',
97 silly resolved     readme: '# nodemon\n\nFor use during development of a node.js based application. \n\nnodemon will watch the files in the directory that nodemon was started, and if they change, it will automatically restart your node application.\n\nnodemon does **not** require *any* changes to your code or method of development. nodemon simply wraps your node application and keeps an eye on any files that have changed. Remember that nodemon is a replacement wrapper for `node`, think of it as replacing the word "node" on the command line when you run your script.\n\n# Installation\n\nEither through forking or by using [npm](http://npmjs.org) (the recommended way):\n\n    npm install -g nodemon\n\nAnd nodemon will be installed in to your bin path. Note that as of npm v1, you must explicitly tell npm to install globally as nodemon is a command line utility.\n\n# Usage\n\nnodemon wraps your application, so you can pass all the arguments you would normally pass to your app:\n\n    nodemon [your node app]\n\nFor example, if my application accepted a host and port as the arguments, I would start it as so:\n\n    nodemon ./server.js localhost 8080\n\nAny output from this script is prefixed with `[nodemon]`, otherwise all output from your application, errors included, will be echoed out as expected.\n\nnodemon also supports running and monitoring [coffee-script](http://jashkenas.github.com/coffee-script/) apps:\n\n    nodemon server.coffee\n\nIf no script is given, nodemon will test for a `package.json` file and if found, will run the file associated with the *main* property ([ref](https://github.com/remy/nodemon/issues/14)).\n\nYou can also pass the debug flag to node through the command line as you would normally:\n\n    nodemon --debug ./server.js 80\n\nIf you have a `package.json` file for your app, you can omit the main script entirely and nodemon will read the `package.json` for the `main` property and use that value as the app.\n\n# Automatic re-running\n\nnodemon was original written to restart hanging processes such as web servers, but now supports apps that cleanly exit. If your script exits cleanly, nodemon will continue to monitor the directory (or directories) and restart the script if there are any changes.\n\n# Manual restarting\n\nWhilst nodemon is running, if you need to manually restart your application, instead of stopping and restart nodemon, you can simply type `rs` with a carridge return, and nodemon will restart your process.\n\n# Running non-node scripts\n\nnodemon can also be used to execute and monitor other programs. nodemon will read the file extension of the script being run and monitor that extension instead of .js if there\'s no .nodemonignore:\n\n    nodemon --exec "python -v" ./app.py\n\nNow nodemon will run `app.py` with python in verbose mode (note that if you\'re not passing args to the exec program, you don\'t need the quotes), and look for new or modified files with the `.py` extension.\n\n# Monitoring multiple directories\n\nBy default nodemon monitors the current working directory. If you want to take control of that option, use the `--watch` option to add specific paths:\n\n    nodemon --watch app --watch libs app/server.js\n\nNow nodemon will only restart if there are changes in the `./app` or `./libs` directory. By default nodemon will traverse sub-directories, so there\'s no need in explicitly including sub-directories.\n\n# Specifying extension watch list\n\nBy default, nodemon looks for files with the `.js` extension. If you use the `--exec` option and monitor `app.py` nodemon will monitor files with the extension of `.py`. However, you can specify your own list with the `-e` switch like so:\n\n    nodemon -e js,css,html\n\nOr with alternative syntax:\n\n    nodemon --ext \'.js|.css|.html\'\n\nNow nodemon will restart on any changes to files in the directory (or subdirectories) with the extensions .js, .css or .html.\n\n# Delaying restarting\n\nIn some situations, you may want to wait until a number of files have changed. The timeout before checking for new file changes is 1 second. If you\'re uploading a number of files and it\'s taking some number of seconds, this could cause your app to restart multiple time unnecessarily.\n\nTo add an extra throttle, or delay restarting, use the `--delay` command:\n\n    nodemon --delay 10 server.js\n\nThe delay figure is number of seconds to delay before restarting. So nodemon will only restart your app the given number of seconds after the *last* file change.\n\n# Ignoring files\n\nBy default, if nodemon will only restart when a `.js` JavaScript file changes.  In some cases you will want to ignore some specific files, directories or file patterns, to prevent nodemon from prematurely restarting your application.\n\nYou can use the [example ignore file](http://github.com/remy/nodemon/blob/master/nodemonignore.example) (note that this example file is not hidden - you must rename it to `.nodemonignore`) as a basis for your nodemon, but it\'s very simple to create your own:\n\n    # this is my ignore file with a nice comment at the top\n    \n    /vendor/*     # ignore all external submodules\n    /public/*     # static files\n    ./README.md   # a specific file\n    *.css         # ignore any CSS files too\n    :(\\d)*\\.js    # monitor javascript files with only digits in their name\n\nThe ignore file accepts:\n\n* Comments starting with a `#` symbol\n* Blank lines\n* Specific files\n* File patterns (this is converted to a regex, so you have full control of the pattern)\n* Unescaped regex\'s begining with `:`.\n\n**Note** the `.nodemonignore` file is read from the directory you run nodemon from, *not* from the location of the node script you\'re running.\n\n# Controlling shutdown of your script\n\nnodemon sends a kill signal to your application when it sees a file update. If you need to clean up on shutdown inside your script you can capture the kill signal and handle it yourself.\n\nThe following example will listen once for the `SIGUSR2` signal (used by nodemon to restart), run the clean up process and then kill itself for nodemon to continue control:\n\n    process.once(\'SIGUSR2\', function () {\n      gracefulShutdown(function () {\n        process.kill(process.pid, \'SIGUSR2\'); \n      })\n    });\n\nNote that the `process.kill` is *only* called once your shutdown jobs are complete. Hat tip to [Benjie Gillam](http://www.benjiegillam.com/2011/08/node-js-clean-restart-and-faster-development-with-nodemon/) for writing technique this up.\n\n# Help! My changes aren\'t being detected!\n\nnodemon has three potential methods it uses to look for file changes. First, it polls using the find command to search for files modified within the last second. This method works on systems with a BSD based find (Mac, for example). \n\nNext it tries using node\'s `fs.watch`. `fs.watch` will not always work however, and nodemon will try and detect if this is the case by writing a file to the tmp directory and seeing if fs.watch is triggered when it\'s removed. If nodemon finds that fs.watch was not triggered, it will then fall back to the third method (called legacy watch), which works by statting each file in your working directory looking for changes to the last modified time. This is the most cpu intensive method, but it may be the only option on some systems.\n\nIn certain cases, like when where you are working on a different drive than your tmp directory is on, `fs.watch` may give you a false positive. You can force nodemon to start using the most compatible legacy method by passing the -L switch, e.g. `nodemon -L /my/odd/file.js`.\n\n# License\n\nMIT [http://rem.mit-license.org](http://rem.mit-license.org)\n',
97 silly resolved     readmeFilename: 'README.md',
97 silly resolved     bugs: { url: 'https://github.com/remy/nodemon/issues' },
97 silly resolved     _id: 'nodemon@0.7.8',
97 silly resolved     dist: { shasum: '8075e9949429c09dc1a42f4deb986f5d14d0a808' },
97 silly resolved     _from: 'nodemon@',
97 silly resolved     _resolved: 'https://registry.npmjs.org/nodemon/-/nodemon-0.7.8.tgz' } ]
98 info install nodemon@0.7.8 into /usr/lib
99 info installOne nodemon@0.7.8
100 verbose from cache /home/shep/.npm/nodemon/0.7.8/package/package.json
101 info /usr/lib/node_modules/nodemon unbuild
102 verbose read json /usr/lib/node_modules/nodemon/package.json
103 verbose tar unpack /home/shep/.npm/nodemon/0.7.8/package.tgz
104 silly lockFile ff29255d-usr-lib-node-modules-nodemon /usr/lib/node_modules/nodemon
105 verbose lock /usr/lib/node_modules/nodemon /home/shep/.npm/ff29255d-usr-lib-node-modules-nodemon.lock
106 silly lockFile fa521689-ep-npm-nodemon-0-7-8-package-tgz /home/shep/.npm/nodemon/0.7.8/package.tgz
107 verbose lock /home/shep/.npm/nodemon/0.7.8/package.tgz /home/shep/.npm/fa521689-ep-npm-nodemon-0-7-8-package-tgz.lock
108 silly gunzTarPerm modes [ '755', '644' ]
109 error Error: EACCES, mkdir '/usr/lib/node_modules/nodemon'
109 error  { [Error: EACCES, mkdir '/usr/lib/node_modules/nodemon']
109 error   errno: 3,
109 error   code: 'EACCES',
109 error   path: '/usr/lib/node_modules/nodemon',
109 error   fstream_type: 'Directory',
109 error   fstream_path: '/usr/lib/node_modules/nodemon',
109 error   fstream_class: 'DirWriter',
109 error   fstream_stack:
109 error    [ '/usr/lib/node_modules/npm/node_modules/fstream/lib/dir-writer.js:36:23',
109 error      '/usr/lib/node_modules/npm/node_modules/mkdirp/index.js:37:53',
109 error      'Object.oncomplete (fs.js:107:15)' ] }
110 error Please try running this command again as root/Administrator.
111 error System Linux 3.9.3-1-ARCH
112 error command "/usr/bin/node" "/usr/bin/npm" "install" "nodemon" "-g"
113 error cwd /home/shep/Desktop/froggerJS
114 error node -v v0.10.8
115 error npm -v 1.2.23
116 error path /usr/lib/node_modules/nodemon
117 error fstream_path /usr/lib/node_modules/nodemon
118 error fstream_type Directory
119 error fstream_class DirWriter
120 error code EACCES
121 error errno 3
122 error stack Error: EACCES, mkdir '/usr/lib/node_modules/nodemon'
123 error fstream_stack /usr/lib/node_modules/npm/node_modules/fstream/lib/dir-writer.js:36:23
123 error fstream_stack /usr/lib/node_modules/npm/node_modules/mkdirp/index.js:37:53
123 error fstream_stack Object.oncomplete (fs.js:107:15)
124 verbose exit [ 3, true ]
